<?xml version="1.0" encoding="UTF-8"?>
<!-- Generated by org.testng.reporters.JUnitReportReporter -->
<testsuite hostname="DESKTOP-RGFDNS0" failures="0" tests="4" name="com.herokuapp.theinternet.NegativeTests" time="33.823" errors="0" timestamp="2023-10-28T15:39:22 IST" skipped="0">
  <testcase classname="com.herokuapp.theinternet.NegativeTests" name="negativeTest" time="10.510"/>
  <testcase classname="com.herokuapp.theinternet.NegativeTests" name="negativeTest" time="9.747"/>
  <testcase classname="com.herokuapp.theinternet.NegativeTests" name="negativeTest" time="7.537"/>
  <testcase classname="com.herokuapp.theinternet.NegativeTests" name="negativeTest" time="6.029"/>
</testsuite> <!-- com.herokuapp.theinternet.NegativeTests -->
