<?xml version="1.0" encoding="UTF-8"?>
<!-- Generated by org.testng.reporters.JUnitReportReporter -->
<testsuite hostname="DESKTOP-RGFDNS0" failures="0" tests="1" name="com.herokuapp.theinternet.PositiveTests" time="7.525" errors="0" timestamp="2023-10-28T15:37:09 IST" skipped="0">
  <testcase classname="com.herokuapp.theinternet.PositiveTests" name="logInTest" time="7.525"/>
</testsuite> <!-- com.herokuapp.theinternet.PositiveTests -->
