<?xml version="1.0" encoding="UTF-8"?>
<!-- Generated by org.testng.reporters.JUnitReportReporter -->
<testsuite hostname="DESKTOP-RGFDNS0" failures="0" tests="1" name="com.herokuapp.theinternet.loginpagetests.PositiveLoginTests" time="13.602" errors="0" timestamp="2023-11-01T00:06:03 IST" skipped="0">
  <testcase classname="com.herokuapp.theinternet.loginpagetests.PositiveLoginTests" name="logInTest" time="13.602"/>
</testsuite> <!-- com.herokuapp.theinternet.loginpagetests.PositiveLoginTests -->
