<?xml version="1.0" encoding="UTF-8"?>
<!-- Generated by org.testng.reporters.JUnitReportReporter -->
<testsuite hostname="DESKTOP-RGFDNS0" failures="0" tests="1" name="com.herokuapp.theinternet.ExceptionsTest" time="11.283" errors="0" timestamp="2023-10-04T00:47:18 IST" skipped="0">
  <testcase classname="com.herokuapp.theinternet.ExceptionsTest" name="timeOutExceptionTest" time="11.283"/>
</testsuite> <!-- com.herokuapp.theinternet.ExceptionsTest -->
