<?xml version="1.0" encoding="UTF-8"?>
<!-- Generated by org.testng.reporters.JUnitReportReporter -->
<testsuite hostname="DESKTOP-RGFDNS0" failures="0" tests="2" name="com.herokuapp.theinternet.NegativeTests" time="24.185" errors="0" timestamp="2023-09-09T20:42:43 IST" skipped="0">
  <testcase classname="com.herokuapp.theinternet.NegativeTests" name="incorrectUsernameTest" time="13.707"/>
  <testcase classname="com.herokuapp.theinternet.NegativeTests" name="incorrectPasswordTest" time="10.478"/>
</testsuite> <!-- com.herokuapp.theinternet.NegativeTests -->
