<?xml version="1.0" encoding="UTF-8"?>
<!-- Generated by org.testng.reporters.JUnitReportReporter -->
<testsuite hostname="DESKTOP-RGFDNS0" failures="0" tests="1" name="com.herokuapp.theinternet.PositiveTests" time="13.035" errors="0" timestamp="2023-09-09T20:42:43 IST" skipped="0">
  <testcase classname="com.herokuapp.theinternet.PositiveTests" name="loginTest" time="13.035"/>
</testsuite> <!-- com.herokuapp.theinternet.PositiveTests -->
